<?xml version="1.0" encoding="UTF-8"?>
<testsuite xmlns:xsi="http://www.w3.org/2001/XMLSchema-instance" xsi:noNamespaceSchemaLocation="https://maven.apache.org/surefire/maven-surefire-plugin/xsd/surefire-test-report-3.0.xsd" version="3.0" name="data.JourneyCosterTest" time="0.041" tests="14" errors="0" skipped="0" failures="0">
  <properties>
[...]
</properties>
  <testcase name="testAddPropertyChangeListener" classname="data.JourneyCosterTest" time="0.018">
    <system-out><![CDATA[addPropertyChangeListener
]]></system-out>
  </testcase>
  <testcase name="testGetMiles" classname="data.JourneyCosterTest" time="0.0"/>
  <testcase name="testSetJourneyValues_InvalidPricePerLitre" classname="data.JourneyCosterTest" time="0.001"/>
  <testcase name="testSetJourneyValues_NullMiles" classname="data.JourneyCosterTest" time="0.0"/>
  <testcase name="testSetJourneyValues_NegativePricePerLitre" classname="data.JourneyCosterTest" time="0.001"/>
  <testcase name="testSetJourneyValues_InvalidMpg" classname="data.JourneyCosterTest" time="0.001"/>
  <testcase name="testSetJourneyValues_CorrectInput" classname="data.JourneyCosterTest" time="0.001">
    <system-out><![CDATA[setJourneyValues
]]></system-out>
  </testcase>
  <testcase name="testSetJourneyValues_NullPricePerLitre" classname="data.JourneyCosterTest" time="0.002"/>
  <testcase name="testSetJourneyValues_NullMpg" classname="data.JourneyCosterTest" time="0.001"/>
  <testcase name="testSetJourneyValues_NegativeMpg" classname="data.JourneyCosterTest" time="0.001"/>
  <testcase name="testSetJourneyValues_NegativeMiles" classname="data.JourneyCosterTest" time="0.001"/>
  <testcase name="testGetMpg" classname="data.JourneyCosterTest" time="0.0"/>
  <testcase name="testGetPricePerLitre" classname="data.JourneyCosterTest" time="0.0"/>
  <testcase name="testSetJourneyValues_InvalidMiles" classname="data.JourneyCosterTest" time="0.001"/>
</testsuite>